Analysis & Synthesis report for cordicfsm
Sun Dec 22 20:43:54 2024
Quartus Prime Version 23.1std.1 Build 993 05/14/2024 SC Lite Edition


---------------------
; Table of Contents ;
---------------------
  1. Legal Notice
  2. Analysis & Synthesis Summary
  3. Analysis & Synthesis Settings
  4. Parallel Compilation
  5. Analysis & Synthesis Source Files Read
  6. Analysis & Synthesis Resource Usage Summary
  7. Analysis & Synthesis Resource Utilization by Entity
  8. Registers Removed During Synthesis
  9. Removed Registers Triggering Further Register Optimizations
 10. General Register Statistics
 11. Multiplexer Restructuring Statistics (Restructuring Performed)
 12. Parameter Settings for Inferred Entity Instance: lpm_mult:Mult0
 13. Parameter Settings for Inferred Entity Instance: lpm_add_sub:Add1
 14. Parameter Settings for Inferred Entity Instance: lpm_add_sub:Add4
 15. lpm_mult Parameter Settings by Entity Instance
 16. Post-Synthesis Netlist Statistics for Top Partition
 17. Elapsed Time Per Partition
 18. Analysis & Synthesis Messages



----------------
; Legal Notice ;
----------------
Copyright (C) 2024  Intel Corporation. All rights reserved.
Your use of Intel Corporation's design tools, logic functions 
and other software and tools, and any partner logic 
functions, and any output files from any of the foregoing 
(including device programming or simulation files), and any 
associated documentation or information are expressly subject 
to the terms and conditions of the Intel Program License 
Subscription Agreement, the Intel Quartus Prime License Agreement,
the Intel FPGA IP License Agreement, or other applicable license
agreement, including, without limitation, that your use is for
the sole purpose of programming logic devices manufactured by
Intel and sold by Intel or its authorized distributors.  Please
refer to the applicable agreement for further details, at
https://fpgasoftware.intel.com/eula.



+-------------------------------------------------------------------------------------+
; Analysis & Synthesis Summary                                                        ;
+------------------------------------+------------------------------------------------+
; Analysis & Synthesis Status        ; Successful - Sun Dec 22 20:43:54 2024          ;
; Quartus Prime Version              ; 23.1std.1 Build 993 05/14/2024 SC Lite Edition ;
; Revision Name                      ; cordicfsm                                      ;
; Top-level Entity Name              ; cordicfsm_fixpt                                ;
; Family                             ; Cyclone IV E                                   ;
; Total logic elements               ; 431                                            ;
;     Total combinational functions  ; 400                                            ;
;     Dedicated logic registers      ; 138                                            ;
; Total registers                    ; 138                                            ;
; Total pins                         ; 80                                             ;
; Total virtual pins                 ; 0                                              ;
; Total memory bits                  ; 0                                              ;
; Embedded Multiplier 9-bit elements ; 0                                              ;
; Total PLLs                         ; 0                                              ;
+------------------------------------+------------------------------------------------+


+------------------------------------------------------------------------------------------------------------+
; Analysis & Synthesis Settings                                                                              ;
+------------------------------------------------------------------+--------------------+--------------------+
; Option                                                           ; Setting            ; Default Value      ;
+------------------------------------------------------------------+--------------------+--------------------+
; Top-level entity name                                            ; cordicfsm_fixpt    ; cordicfsm          ;
; Family name                                                      ; Cyclone IV E       ; Cyclone V          ;
; Use smart compilation                                            ; Off                ; Off                ;
; Enable parallel Assembler and Timing Analyzer during compilation ; On                 ; On                 ;
; Enable compact report table                                      ; Off                ; Off                ;
; Restructure Multiplexers                                         ; Auto               ; Auto               ;
; Create Debugging Nodes for IP Cores                              ; Off                ; Off                ;
; Preserve fewer node names                                        ; On                 ; On                 ;
; Intel FPGA IP Evaluation Mode                                    ; Enable             ; Enable             ;
; Verilog Version                                                  ; Verilog_2001       ; Verilog_2001       ;
; VHDL Version                                                     ; VHDL_1993          ; VHDL_1993          ;
; State Machine Processing                                         ; Auto               ; Auto               ;
; Safe State Machine                                               ; Off                ; Off                ;
; Extract Verilog State Machines                                   ; On                 ; On                 ;
; Extract VHDL State Machines                                      ; On                 ; On                 ;
; Ignore Verilog initial constructs                                ; Off                ; Off                ;
; Iteration limit for constant Verilog loops                       ; 5000               ; 5000               ;
; Iteration limit for non-constant Verilog loops                   ; 250                ; 250                ;
; Add Pass-Through Logic to Inferred RAMs                          ; On                 ; On                 ;
; Infer RAMs from Raw Logic                                        ; On                 ; On                 ;
; Parallel Synthesis                                               ; On                 ; On                 ;
; DSP Block Balancing                                              ; Auto               ; Auto               ;
; NOT Gate Push-Back                                               ; On                 ; On                 ;
; Power-Up Don't Care                                              ; On                 ; On                 ;
; Remove Redundant Logic Cells                                     ; Off                ; Off                ;
; Remove Duplicate Registers                                       ; On                 ; On                 ;
; Ignore CARRY Buffers                                             ; Off                ; Off                ;
; Ignore CASCADE Buffers                                           ; Off                ; Off                ;
; Ignore GLOBAL Buffers                                            ; Off                ; Off                ;
; Ignore ROW GLOBAL Buffers                                        ; Off                ; Off                ;
; Ignore LCELL Buffers                                             ; Off                ; Off                ;
; Ignore SOFT Buffers                                              ; On                 ; On                 ;
; Limit AHDL Integers to 32 Bits                                   ; Off                ; Off                ;
; Optimization Technique                                           ; Balanced           ; Balanced           ;
; Carry Chain Length                                               ; 70                 ; 70                 ;
; Auto Carry Chains                                                ; On                 ; On                 ;
; Auto Open-Drain Pins                                             ; On                 ; On                 ;
; Perform WYSIWYG Primitive Resynthesis                            ; Off                ; Off                ;
; Auto ROM Replacement                                             ; On                 ; On                 ;
; Auto RAM Replacement                                             ; On                 ; On                 ;
; Auto DSP Block Replacement                                       ; On                 ; On                 ;
; Auto Shift Register Replacement                                  ; Auto               ; Auto               ;
; Allow Shift Register Merging across Hierarchies                  ; Auto               ; Auto               ;
; Auto Clock Enable Replacement                                    ; On                 ; On                 ;
; Strict RAM Replacement                                           ; Off                ; Off                ;
; Allow Synchronous Control Signals                                ; On                 ; On                 ;
; Force Use of Synchronous Clear Signals                           ; Off                ; Off                ;
; Auto RAM Block Balancing                                         ; On                 ; On                 ;
; Auto RAM to Logic Cell Conversion                                ; Off                ; Off                ;
; Auto Resource Sharing                                            ; Off                ; Off                ;
; Allow Any RAM Size For Recognition                               ; Off                ; Off                ;
; Allow Any ROM Size For Recognition                               ; Off                ; Off                ;
; Allow Any Shift Register Size For Recognition                    ; Off                ; Off                ;
; Use LogicLock Constraints during Resource Balancing              ; On                 ; On                 ;
; Ignore translate_off and synthesis_off directives                ; Off                ; Off                ;
; Timing-Driven Synthesis                                          ; On                 ; On                 ;
; Report Parameter Settings                                        ; On                 ; On                 ;
; Report Source Assignments                                        ; On                 ; On                 ;
; Report Connectivity Checks                                       ; On                 ; On                 ;
; Ignore Maximum Fan-Out Assignments                               ; Off                ; Off                ;
; Synchronization Register Chain Length                            ; 2                  ; 2                  ;
; Power Optimization During Synthesis                              ; Normal compilation ; Normal compilation ;
; HDL message level                                                ; Level2             ; Level2             ;
; Suppress Register Optimization Related Messages                  ; Off                ; Off                ;
; Number of Removed Registers Reported in Synthesis Report         ; 5000               ; 5000               ;
; Number of Swept Nodes Reported in Synthesis Report               ; 5000               ; 5000               ;
; Number of Inverted Registers Reported in Synthesis Report        ; 100                ; 100                ;
; Clock MUX Protection                                             ; On                 ; On                 ;
; Auto Gated Clock Conversion                                      ; Off                ; Off                ;
; Block Design Naming                                              ; Auto               ; Auto               ;
; SDC constraint protection                                        ; Off                ; Off                ;
; Synthesis Effort                                                 ; Auto               ; Auto               ;
; Shift Register Replacement - Allow Asynchronous Clear Signal     ; On                 ; On                 ;
; Pre-Mapping Resynthesis Optimization                             ; Off                ; Off                ;
; Analysis & Synthesis Message Level                               ; Medium             ; Medium             ;
; Disable Register Merging Across Hierarchies                      ; Auto               ; Auto               ;
; Resource Aware Inference For Block RAM                           ; On                 ; On                 ;
+------------------------------------------------------------------+--------------------+--------------------+


+------------------------------------------+
; Parallel Compilation                     ;
+----------------------------+-------------+
; Processors                 ; Number      ;
+----------------------------+-------------+
; Number detected on machine ; 8           ;
; Maximum allowed            ; 8           ;
;                            ;             ;
; Average used               ; 1.00        ;
; Maximum used               ; 8           ;
;                            ;             ;
; Usage by Processor         ; % Time Used ;
;     Processor 1            ; 100.0%      ;
;     Processors 2-8         ;   0.0%      ;
+----------------------------+-------------+


+------------------------------------------------------------------------------------------------------------------------------------------------------------------------+
; Analysis & Synthesis Source Files Read                                                                                                                                 ;
+----------------------------------+-----------------+------------------------------+--------------------------------------------------------------------------+---------+
; File Name with User-Entered Path ; Used in Netlist ; File Type                    ; File Name with Absolute Path                                             ; Library ;
+----------------------------------+-----------------+------------------------------+--------------------------------------------------------------------------+---------+
; cordicfsm_fixpt_pac.vhd          ; yes             ; User VHDL File               ; D:/Cordic/cordicfsm/hdlsrc/cordicfsm_fixpt_pac.vhd                       ;         ;
; cordicfsm_fixpt.vhd              ; yes             ; User VHDL File               ; D:/Cordic/cordicfsm/hdlsrc/cordicfsm_fixpt.vhd                           ;         ;
; lpm_mult.tdf                     ; yes             ; Megafunction                 ; d:/sistemdigital/quartus/libraries/megafunctions/lpm_mult.tdf            ;         ;
; aglobal231.inc                   ; yes             ; Megafunction                 ; d:/sistemdigital/quartus/libraries/megafunctions/aglobal231.inc          ;         ;
; lpm_add_sub.inc                  ; yes             ; Megafunction                 ; d:/sistemdigital/quartus/libraries/megafunctions/lpm_add_sub.inc         ;         ;
; multcore.inc                     ; yes             ; Megafunction                 ; d:/sistemdigital/quartus/libraries/megafunctions/multcore.inc            ;         ;
; bypassff.inc                     ; yes             ; Megafunction                 ; d:/sistemdigital/quartus/libraries/megafunctions/bypassff.inc            ;         ;
; altshift.inc                     ; yes             ; Megafunction                 ; d:/sistemdigital/quartus/libraries/megafunctions/altshift.inc            ;         ;
; multcore.tdf                     ; yes             ; Megafunction                 ; d:/sistemdigital/quartus/libraries/megafunctions/multcore.tdf            ;         ;
; csa_add.inc                      ; yes             ; Megafunction                 ; d:/sistemdigital/quartus/libraries/megafunctions/csa_add.inc             ;         ;
; mpar_add.inc                     ; yes             ; Megafunction                 ; d:/sistemdigital/quartus/libraries/megafunctions/mpar_add.inc            ;         ;
; muleabz.inc                      ; yes             ; Megafunction                 ; d:/sistemdigital/quartus/libraries/megafunctions/muleabz.inc             ;         ;
; mul_lfrg.inc                     ; yes             ; Megafunction                 ; d:/sistemdigital/quartus/libraries/megafunctions/mul_lfrg.inc            ;         ;
; mul_boothc.inc                   ; yes             ; Megafunction                 ; d:/sistemdigital/quartus/libraries/megafunctions/mul_boothc.inc          ;         ;
; alt_ded_mult.inc                 ; yes             ; Megafunction                 ; d:/sistemdigital/quartus/libraries/megafunctions/alt_ded_mult.inc        ;         ;
; alt_ded_mult_y.inc               ; yes             ; Megafunction                 ; d:/sistemdigital/quartus/libraries/megafunctions/alt_ded_mult_y.inc      ;         ;
; dffpipe.inc                      ; yes             ; Megafunction                 ; d:/sistemdigital/quartus/libraries/megafunctions/dffpipe.inc             ;         ;
; mpar_add.tdf                     ; yes             ; Megafunction                 ; d:/sistemdigital/quartus/libraries/megafunctions/mpar_add.tdf            ;         ;
; lpm_add_sub.tdf                  ; yes             ; Megafunction                 ; d:/sistemdigital/quartus/libraries/megafunctions/lpm_add_sub.tdf         ;         ;
; addcore.inc                      ; yes             ; Megafunction                 ; d:/sistemdigital/quartus/libraries/megafunctions/addcore.inc             ;         ;
; look_add.inc                     ; yes             ; Megafunction                 ; d:/sistemdigital/quartus/libraries/megafunctions/look_add.inc            ;         ;
; alt_stratix_add_sub.inc          ; yes             ; Megafunction                 ; d:/sistemdigital/quartus/libraries/megafunctions/alt_stratix_add_sub.inc ;         ;
; db/add_sub_rgh.tdf               ; yes             ; Auto-Generated Megafunction  ; D:/Cordic/cordicfsm/hdlsrc/db/add_sub_rgh.tdf                            ;         ;
; db/add_sub_mgh.tdf               ; yes             ; Auto-Generated Megafunction  ; D:/Cordic/cordicfsm/hdlsrc/db/add_sub_mgh.tdf                            ;         ;
; altshift.tdf                     ; yes             ; Megafunction                 ; d:/sistemdigital/quartus/libraries/megafunctions/altshift.tdf            ;         ;
; db/add_sub_pvi.tdf               ; yes             ; Auto-Generated Megafunction  ; D:/Cordic/cordicfsm/hdlsrc/db/add_sub_pvi.tdf                            ;         ;
; db/add_sub_ovi.tdf               ; yes             ; Auto-Generated Megafunction  ; D:/Cordic/cordicfsm/hdlsrc/db/add_sub_ovi.tdf                            ;         ;
+----------------------------------+-----------------+------------------------------+--------------------------------------------------------------------------+---------+


+---------------------------------------------------------+
; Analysis & Synthesis Resource Usage Summary             ;
+---------------------------------------------+-----------+
; Resource                                    ; Usage     ;
+---------------------------------------------+-----------+
; Estimated Total logic elements              ; 431       ;
;                                             ;           ;
; Total combinational functions               ; 400       ;
; Logic element usage by number of LUT inputs ;           ;
;     -- 4 input functions                    ; 158       ;
;     -- 3 input functions                    ; 187       ;
;     -- <=2 input functions                  ; 55        ;
;                                             ;           ;
; Logic elements by mode                      ;           ;
;     -- normal mode                          ; 306       ;
;     -- arithmetic mode                      ; 94        ;
;                                             ;           ;
; Total registers                             ; 138       ;
;     -- Dedicated logic registers            ; 138       ;
;     -- I/O registers                        ; 0         ;
;                                             ;           ;
; I/O pins                                    ; 80        ;
;                                             ;           ;
; Embedded Multiplier 9-bit elements          ; 0         ;
;                                             ;           ;
; Maximum fan-out node                        ; clk~input ;
; Maximum fan-out                             ; 138       ;
; Total fan-out                               ; 1964      ;
; Average fan-out                             ; 2.81      ;
+---------------------------------------------+-----------+


+------------------------------------------------------------------------------------------------------------------------------------------------------------------------------------------------------------------------------------------------------------------------------------------------------------------------------------------------------+
; Analysis & Synthesis Resource Utilization by Entity                                                                                                                                                                                                                                                                                                  ;
+------------------------------------------------+---------------------+---------------------------+-------------+--------------+---------+-----------+------+--------------+-----------------------------------------------------------------------------------------------------------------------------------------+-----------------+--------------+
; Compilation Hierarchy Node                     ; Combinational ALUTs ; Dedicated Logic Registers ; Memory Bits ; DSP Elements ; DSP 9x9 ; DSP 18x18 ; Pins ; Virtual Pins ; Full Hierarchy Name                                                                                                                     ; Entity Name     ; Library Name ;
+------------------------------------------------+---------------------+---------------------------+-------------+--------------+---------+-----------+------+--------------+-----------------------------------------------------------------------------------------------------------------------------------------+-----------------+--------------+
; |cordicfsm_fixpt                               ; 400 (230)           ; 138 (138)                 ; 0           ; 0            ; 0       ; 0         ; 80   ; 0            ; |cordicfsm_fixpt                                                                                                                        ; cordicfsm_fixpt ; work         ;
;    |lpm_add_sub:Add1|                          ; 31 (0)              ; 0 (0)                     ; 0           ; 0            ; 0       ; 0         ; 0    ; 0            ; |cordicfsm_fixpt|lpm_add_sub:Add1                                                                                                       ; lpm_add_sub     ; work         ;
;       |add_sub_pvi:auto_generated|             ; 31 (31)             ; 0 (0)                     ; 0           ; 0            ; 0       ; 0         ; 0    ; 0            ; |cordicfsm_fixpt|lpm_add_sub:Add1|add_sub_pvi:auto_generated                                                                            ; add_sub_pvi     ; work         ;
;    |lpm_add_sub:Add4|                          ; 27 (0)              ; 0 (0)                     ; 0           ; 0            ; 0       ; 0         ; 0    ; 0            ; |cordicfsm_fixpt|lpm_add_sub:Add4                                                                                                       ; lpm_add_sub     ; work         ;
;       |add_sub_ovi:auto_generated|             ; 27 (27)             ; 0 (0)                     ; 0           ; 0            ; 0       ; 0         ; 0    ; 0            ; |cordicfsm_fixpt|lpm_add_sub:Add4|add_sub_ovi:auto_generated                                                                            ; add_sub_ovi     ; work         ;
;    |lpm_mult:Mult0|                            ; 112 (0)             ; 0 (0)                     ; 0           ; 0            ; 0       ; 0         ; 0    ; 0            ; |cordicfsm_fixpt|lpm_mult:Mult0                                                                                                         ; lpm_mult        ; work         ;
;       |multcore:mult_core|                     ; 112 (46)            ; 0 (0)                     ; 0           ; 0            ; 0       ; 0         ; 0    ; 0            ; |cordicfsm_fixpt|lpm_mult:Mult0|multcore:mult_core                                                                                      ; multcore        ; work         ;
;          |mpar_add:padder|                     ; 66 (0)              ; 0 (0)                     ; 0           ; 0            ; 0       ; 0         ; 0    ; 0            ; |cordicfsm_fixpt|lpm_mult:Mult0|multcore:mult_core|mpar_add:padder                                                                      ; mpar_add        ; work         ;
;             |lpm_add_sub:adder[0]|             ; 18 (0)              ; 0 (0)                     ; 0           ; 0            ; 0       ; 0         ; 0    ; 0            ; |cordicfsm_fixpt|lpm_mult:Mult0|multcore:mult_core|mpar_add:padder|lpm_add_sub:adder[0]                                                 ; lpm_add_sub     ; work         ;
;                |add_sub_rgh:auto_generated|    ; 18 (18)             ; 0 (0)                     ; 0           ; 0            ; 0       ; 0         ; 0    ; 0            ; |cordicfsm_fixpt|lpm_mult:Mult0|multcore:mult_core|mpar_add:padder|lpm_add_sub:adder[0]|add_sub_rgh:auto_generated                      ; add_sub_rgh     ; work         ;
;             |lpm_add_sub:adder[1]|             ; 15 (0)              ; 0 (0)                     ; 0           ; 0            ; 0       ; 0         ; 0    ; 0            ; |cordicfsm_fixpt|lpm_mult:Mult0|multcore:mult_core|mpar_add:padder|lpm_add_sub:adder[1]                                                 ; lpm_add_sub     ; work         ;
;                |add_sub_rgh:auto_generated|    ; 15 (15)             ; 0 (0)                     ; 0           ; 0            ; 0       ; 0         ; 0    ; 0            ; |cordicfsm_fixpt|lpm_mult:Mult0|multcore:mult_core|mpar_add:padder|lpm_add_sub:adder[1]|add_sub_rgh:auto_generated                      ; add_sub_rgh     ; work         ;
;             |mpar_add:sub_par_add|             ; 33 (0)              ; 0 (0)                     ; 0           ; 0            ; 0       ; 0         ; 0    ; 0            ; |cordicfsm_fixpt|lpm_mult:Mult0|multcore:mult_core|mpar_add:padder|mpar_add:sub_par_add                                                 ; mpar_add        ; work         ;
;                |lpm_add_sub:adder[0]|          ; 33 (0)              ; 0 (0)                     ; 0           ; 0            ; 0       ; 0         ; 0    ; 0            ; |cordicfsm_fixpt|lpm_mult:Mult0|multcore:mult_core|mpar_add:padder|mpar_add:sub_par_add|lpm_add_sub:adder[0]                            ; lpm_add_sub     ; work         ;
;                   |add_sub_mgh:auto_generated| ; 33 (33)             ; 0 (0)                     ; 0           ; 0            ; 0       ; 0         ; 0    ; 0            ; |cordicfsm_fixpt|lpm_mult:Mult0|multcore:mult_core|mpar_add:padder|mpar_add:sub_par_add|lpm_add_sub:adder[0]|add_sub_mgh:auto_generated ; add_sub_mgh     ; work         ;
+------------------------------------------------+---------------------+---------------------------+-------------+--------------+---------+-----------+------+--------------+-----------------------------------------------------------------------------------------------------------------------------------------+-----------------+--------------+
Note: For table entries with two numbers listed, the numbers in parentheses indicate the number of resources of the given type used by the specific entity alone. The numbers listed outside of parentheses indicate the total resources of the given type used by the specific entity and all of its sub-entities in the hierarchy.


+---------------------------------------------------------------------------------+
; Registers Removed During Synthesis                                              ;
+----------------------------------------+----------------------------------------+
; Register name                          ; Reason for Removal                     ;
+----------------------------------------+----------------------------------------+
; s_s_6[2..31]                           ; Stuck at GND due to stuck port data_in ;
; stateControl_5                         ; Merged with stateControl_2             ;
; s_s_12[0]                              ; Merged with s_s_11[0]                  ;
; s_s_12[1]                              ; Merged with s_s_11[1]                  ;
; s_s_12[2]                              ; Merged with s_s_11[2]                  ;
; s_s_12[3]                              ; Merged with s_s_11[3]                  ;
; s_s_12[6]                              ; Merged with s_s_11[6]                  ;
; s_s_12[12]                             ; Merged with s_s_11[12]                 ;
; y_out_Cordic[1..13]                    ; Merged with y_out_Cordic[0]            ;
; s_s_12[4]                              ; Merged with s_s_11[4]                  ;
; s_s_12[5]                              ; Merged with s_s_11[5]                  ;
; s_s_12[7]                              ; Merged with s_s_11[7]                  ;
; s_s_12[8]                              ; Merged with s_s_11[8]                  ;
; s_s_12[9]                              ; Merged with s_s_11[9]                  ;
; s_s_12[10]                             ; Merged with s_s_11[10]                 ;
; s_s_12[11]                             ; Merged with s_s_11[11]                 ;
; s_s_12[13]                             ; Merged with s_s_11[13]                 ;
; phi_Cordic[0]                          ; Stuck at GND due to stuck port data_in ;
; y_out_Cordic[0]                        ; Stuck at GND due to stuck port data_in ;
; tmp_75[0..13]                          ; Stuck at GND due to stuck port data_in ;
; z_Cordic_1[13]                         ; Lost fanout                            ;
; Total Number of Removed Registers = 75 ;                                        ;
+----------------------------------------+----------------------------------------+


+-------------------------------------------------------------------------------------------------------------------------------------------+
; Removed Registers Triggering Further Register Optimizations                                                                               ;
+-----------------+---------------------------+---------------------------------------------------------------------------------------------+
; Register name   ; Reason for Removal        ; Registers Removed due to This Register                                                      ;
+-----------------+---------------------------+---------------------------------------------------------------------------------------------+
; y_out_Cordic[0] ; Stuck at GND              ; tmp_75[13], tmp_75[12], tmp_75[11], tmp_75[10], tmp_75[9], tmp_75[8], tmp_75[7], tmp_75[6], ;
;                 ; due to stuck port data_in ; tmp_75[5], tmp_75[4], tmp_75[3], tmp_75[2], tmp_75[1], tmp_75[0]                            ;
+-----------------+---------------------------+---------------------------------------------------------------------------------------------+


+------------------------------------------------------+
; General Register Statistics                          ;
+----------------------------------------------+-------+
; Statistic                                    ; Value ;
+----------------------------------------------+-------+
; Total registers                              ; 138   ;
; Number of registers using Synchronous Clear  ; 9     ;
; Number of registers using Synchronous Load   ; 0     ;
; Number of registers using Asynchronous Clear ; 124   ;
; Number of registers using Asynchronous Load  ; 0     ;
; Number of registers using Clock Enable       ; 135   ;
; Number of registers using Preset             ; 0     ;
+----------------------------------------------+-------+


+------------------------------------------------------------------------------------------------------------------------------------------------+
; Multiplexer Restructuring Statistics (Restructuring Performed)                                                                                 ;
+--------------------+-----------+---------------+----------------------+------------------------+------------+----------------------------------+
; Multiplexer Inputs ; Bus Width ; Baseline Area ; Area if Restructured ; Saving if Restructured ; Registered ; Example Multiplexer Output       ;
+--------------------+-----------+---------------+----------------------+------------------------+------------+----------------------------------+
; 6:1                ; 2 bits    ; 8 LEs         ; 4 LEs                ; 4 LEs                  ; Yes        ; |cordicfsm_fixpt|curr_state_4[1] ;
; 5:1                ; 8 bits    ; 24 LEs        ; 16 LEs               ; 8 LEs                  ; Yes        ; |cordicfsm_fixpt|y_Cordic[6]     ;
; 5:1                ; 9 bits    ; 27 LEs        ; 18 LEs               ; 9 LEs                  ; Yes        ; |cordicfsm_fixpt|x_Cordic[7]     ;
; 3:1                ; 5 bits    ; 10 LEs        ; 5 LEs                ; 5 LEs                  ; No         ; |cordicfsm_fixpt|ShiftRight2     ;
; 3:1                ; 5 bits    ; 10 LEs        ; 5 LEs                ; 5 LEs                  ; No         ; |cordicfsm_fixpt|ShiftRight0     ;
; 3:1                ; 9 bits    ; 18 LEs        ; 18 LEs               ; 0 LEs                  ; No         ; |cordicfsm_fixpt|tmp_36[1]       ;
; 4:1                ; 2 bits    ; 4 LEs         ; 4 LEs                ; 0 LEs                  ; No         ; |cordicfsm_fixpt|ShiftRight2     ;
; 4:1                ; 3 bits    ; 6 LEs         ; 6 LEs                ; 0 LEs                  ; No         ; |cordicfsm_fixpt|ShiftRight0     ;
; 5:1                ; 2 bits    ; 6 LEs         ; 6 LEs                ; 0 LEs                  ; No         ; |cordicfsm_fixpt|ShiftRight2     ;
; 5:1                ; 2 bits    ; 6 LEs         ; 6 LEs                ; 0 LEs                  ; No         ; |cordicfsm_fixpt|ShiftRight0     ;
; 6:1                ; 2 bits    ; 8 LEs         ; 8 LEs                ; 0 LEs                  ; No         ; |cordicfsm_fixpt|ShiftRight2     ;
; 6:1                ; 2 bits    ; 8 LEs         ; 8 LEs                ; 0 LEs                  ; No         ; |cordicfsm_fixpt|ShiftRight0     ;
+--------------------+-----------+---------------+----------------------+------------------------+------------+----------------------------------+


+-------------------------------------------------------------------------------------+
; Parameter Settings for Inferred Entity Instance: lpm_mult:Mult0                     ;
+------------------------------------------------+--------------+---------------------+
; Parameter Name                                 ; Value        ; Type                ;
+------------------------------------------------+--------------+---------------------+
; AUTO_CARRY_CHAINS                              ; ON           ; AUTO_CARRY          ;
; IGNORE_CARRY_BUFFERS                           ; OFF          ; IGNORE_CARRY        ;
; AUTO_CASCADE_CHAINS                            ; ON           ; AUTO_CASCADE        ;
; IGNORE_CASCADE_BUFFERS                         ; OFF          ; IGNORE_CASCADE      ;
; LPM_WIDTHA                                     ; 14           ; Untyped             ;
; LPM_WIDTHB                                     ; 14           ; Untyped             ;
; LPM_WIDTHP                                     ; 28           ; Untyped             ;
; LPM_WIDTHR                                     ; 28           ; Untyped             ;
; LPM_WIDTHS                                     ; 1            ; Untyped             ;
; LPM_REPRESENTATION                             ; UNSIGNED     ; Untyped             ;
; LPM_PIPELINE                                   ; 0            ; Untyped             ;
; LATENCY                                        ; 0            ; Untyped             ;
; INPUT_A_IS_CONSTANT                            ; NO           ; Untyped             ;
; INPUT_B_IS_CONSTANT                            ; YES          ; Untyped             ;
; USE_EAB                                        ; OFF          ; Untyped             ;
; MAXIMIZE_SPEED                                 ; 5            ; Untyped             ;
; DEVICE_FAMILY                                  ; Cyclone IV E ; Untyped             ;
; CARRY_CHAIN                                    ; MANUAL       ; Untyped             ;
; APEX20K_TECHNOLOGY_MAPPER                      ; LUT          ; TECH_MAPPER_APEX20K ;
; DEDICATED_MULTIPLIER_CIRCUITRY                 ; AUTO         ; Untyped             ;
; DEDICATED_MULTIPLIER_MIN_INPUT_WIDTH_FOR_AUTO  ; 0            ; Untyped             ;
; DEDICATED_MULTIPLIER_MIN_OUTPUT_WIDTH_FOR_AUTO ; 0            ; Untyped             ;
; CBXI_PARAMETER                                 ; NOTHING      ; Untyped             ;
; INPUT_A_FIXED_VALUE                            ; Bx           ; Untyped             ;
; INPUT_B_FIXED_VALUE                            ; Bx           ; Untyped             ;
; USE_AHDL_IMPLEMENTATION                        ; OFF          ; Untyped             ;
+------------------------------------------------+--------------+---------------------+
Note: In order to hide this table in the UI and the text report file, please set the "Show Parameter Settings in Synthesis Report" option in "Analysis and Synthesis Settings -> More Settings" to "Off".


+-------------------------------------------------------------------+
; Parameter Settings for Inferred Entity Instance: lpm_add_sub:Add1 ;
+------------------------+--------------+---------------------------+
; Parameter Name         ; Value        ; Type                      ;
+------------------------+--------------+---------------------------+
; LPM_WIDTH              ; 14           ; Untyped                   ;
; LPM_REPRESENTATION     ; UNSIGNED     ; Untyped                   ;
; LPM_DIRECTION          ; DEFAULT      ; Untyped                   ;
; ONE_INPUT_IS_CONSTANT  ; NO           ; Untyped                   ;
; LPM_PIPELINE           ; 0            ; Untyped                   ;
; MAXIMIZE_SPEED         ; 5            ; Untyped                   ;
; REGISTERED_AT_END      ; 0            ; Untyped                   ;
; OPTIMIZE_FOR_SPEED     ; 5            ; Untyped                   ;
; USE_CS_BUFFERS         ; 1            ; Untyped                   ;
; CARRY_CHAIN            ; MANUAL       ; Untyped                   ;
; CARRY_CHAIN_LENGTH     ; 48           ; CARRY_CHAIN_LENGTH        ;
; DEVICE_FAMILY          ; Cyclone IV E ; Untyped                   ;
; USE_WYS                ; OFF          ; Untyped                   ;
; STYLE                  ; FAST         ; Untyped                   ;
; CBXI_PARAMETER         ; add_sub_pvi  ; Untyped                   ;
; AUTO_CARRY_CHAINS      ; ON           ; AUTO_CARRY                ;
; IGNORE_CARRY_BUFFERS   ; OFF          ; IGNORE_CARRY              ;
; AUTO_CASCADE_CHAINS    ; ON           ; AUTO_CASCADE              ;
; IGNORE_CASCADE_BUFFERS ; OFF          ; IGNORE_CASCADE            ;
+------------------------+--------------+---------------------------+
Note: In order to hide this table in the UI and the text report file, please set the "Show Parameter Settings in Synthesis Report" option in "Analysis and Synthesis Settings -> More Settings" to "Off".


+-------------------------------------------------------------------+
; Parameter Settings for Inferred Entity Instance: lpm_add_sub:Add4 ;
+------------------------+--------------+---------------------------+
; Parameter Name         ; Value        ; Type                      ;
+------------------------+--------------+---------------------------+
; LPM_WIDTH              ; 13           ; Untyped                   ;
; LPM_REPRESENTATION     ; UNSIGNED     ; Untyped                   ;
; LPM_DIRECTION          ; DEFAULT      ; Untyped                   ;
; ONE_INPUT_IS_CONSTANT  ; NO           ; Untyped                   ;
; LPM_PIPELINE           ; 0            ; Untyped                   ;
; MAXIMIZE_SPEED         ; 5            ; Untyped                   ;
; REGISTERED_AT_END      ; 0            ; Untyped                   ;
; OPTIMIZE_FOR_SPEED     ; 5            ; Untyped                   ;
; USE_CS_BUFFERS         ; 1            ; Untyped                   ;
; CARRY_CHAIN            ; MANUAL       ; Untyped                   ;
; CARRY_CHAIN_LENGTH     ; 48           ; CARRY_CHAIN_LENGTH        ;
; DEVICE_FAMILY          ; Cyclone IV E ; Untyped                   ;
; USE_WYS                ; OFF          ; Untyped                   ;
; STYLE                  ; FAST         ; Untyped                   ;
; CBXI_PARAMETER         ; add_sub_ovi  ; Untyped                   ;
; AUTO_CARRY_CHAINS      ; ON           ; AUTO_CARRY                ;
; IGNORE_CARRY_BUFFERS   ; OFF          ; IGNORE_CARRY              ;
; AUTO_CASCADE_CHAINS    ; ON           ; AUTO_CASCADE              ;
; IGNORE_CASCADE_BUFFERS ; OFF          ; IGNORE_CASCADE            ;
+------------------------+--------------+---------------------------+
Note: In order to hide this table in the UI and the text report file, please set the "Show Parameter Settings in Synthesis Report" option in "Analysis and Synthesis Settings -> More Settings" to "Off".


+--------------------------------------------------------+
; lpm_mult Parameter Settings by Entity Instance         ;
+---------------------------------------+----------------+
; Name                                  ; Value          ;
+---------------------------------------+----------------+
; Number of entity instances            ; 1              ;
; Entity Instance                       ; lpm_mult:Mult0 ;
;     -- LPM_WIDTHA                     ; 14             ;
;     -- LPM_WIDTHB                     ; 14             ;
;     -- LPM_WIDTHP                     ; 28             ;
;     -- LPM_REPRESENTATION             ; UNSIGNED       ;
;     -- INPUT_A_IS_CONSTANT            ; NO             ;
;     -- INPUT_B_IS_CONSTANT            ; YES            ;
;     -- USE_EAB                        ; OFF            ;
;     -- DEDICATED_MULTIPLIER_CIRCUITRY ; AUTO           ;
;     -- INPUT_A_FIXED_VALUE            ; Bx             ;
;     -- INPUT_B_FIXED_VALUE            ; Bx             ;
+---------------------------------------+----------------+


+-----------------------------------------------------+
; Post-Synthesis Netlist Statistics for Top Partition ;
+-----------------------+-----------------------------+
; Type                  ; Count                       ;
+-----------------------+-----------------------------+
; boundary_port         ; 80                          ;
; cycloneiii_ff         ; 138                         ;
;     CLR               ; 3                           ;
;     ENA               ; 5                           ;
;     ENA CLR           ; 121                         ;
;     ENA SCLR          ; 9                           ;
; cycloneiii_lcell_comb ; 401                         ;
;     arith             ; 94                          ;
;         2 data inputs ; 14                          ;
;         3 data inputs ; 80                          ;
;     normal            ; 307                         ;
;         0 data inputs ; 1                           ;
;         1 data inputs ; 5                           ;
;         2 data inputs ; 36                          ;
;         3 data inputs ; 107                         ;
;         4 data inputs ; 158                         ;
;                       ;                             ;
; Max LUT depth         ; 8.90                        ;
; Average LUT depth     ; 4.92                        ;
+-----------------------+-----------------------------+


+-------------------------------+
; Elapsed Time Per Partition    ;
+----------------+--------------+
; Partition Name ; Elapsed Time ;
+----------------+--------------+
; Top            ; 00:00:02     ;
+----------------+--------------+


+-------------------------------+
; Analysis & Synthesis Messages ;
+-------------------------------+
Info: *******************************************************************
Info: Running Quartus Prime Analysis & Synthesis
    Info: Version 23.1std.1 Build 993 05/14/2024 SC Lite Edition
    Info: Processing started: Sun Dec 22 20:43:35 2024
Info: Command: quartus_map --read_settings_files=on --write_settings_files=off cordicfsm -c cordicfsm
Warning (18236): Number of processors has not been specified which may cause overloading on shared machines.  Set the global assignment NUM_PARALLEL_PROCESSORS in your QSF to an appropriate value for best performance.
Info (20030): Parallel compilation is enabled and will use 8 of the 8 processors detected
Info (12021): Found 2 design units, including 0 entities, in source file cordicfsm_fixpt_tb_pac.vhd
    Info (12022): Found design unit 1: cordicfsm_fixpt_tb_pac File: D:/Cordic/cordicfsm/hdlsrc/cordicfsm_fixpt_tb_pac.vhd Line: 22
    Info (12022): Found design unit 2: cordicfsm_fixpt_tb_pac-body File: D:/Cordic/cordicfsm/hdlsrc/cordicfsm_fixpt_tb_pac.vhd Line: 32
Info (12021): Found 2 design units, including 1 entities, in source file cordicfsm_fixpt_tb.vhd
    Info (12022): Found design unit 1: cordicfsm_fixpt_tb-rtl File: D:/Cordic/cordicfsm/hdlsrc/cordicfsm_fixpt_tb.vhd Line: 40
    Info (12023): Found entity 1: cordicfsm_fixpt_tb File: D:/Cordic/cordicfsm/hdlsrc/cordicfsm_fixpt_tb.vhd Line: 36
Info (12021): Found 1 design units, including 0 entities, in source file cordicfsm_fixpt_pac.vhd
    Info (12022): Found design unit 1: cordicfsm_fixpt_pac File: D:/Cordic/cordicfsm/hdlsrc/cordicfsm_fixpt_pac.vhd Line: 16
Info (12021): Found 2 design units, including 1 entities, in source file cordicfsm_fixpt.vhd
    Info (12022): Found design unit 1: cordicfsm_fixpt-rtl File: D:/Cordic/cordicfsm/hdlsrc/cordicfsm_fixpt.vhd Line: 63
    Info (12023): Found entity 1: cordicfsm_fixpt File: D:/Cordic/cordicfsm/hdlsrc/cordicfsm_fixpt.vhd Line: 46
Info (12127): Elaborating entity "cordicfsm_fixpt" for the top level hierarchy
Info (278001): Inferred 3 megafunctions from design logic
    Info (278003): Inferred multiplier megafunction ("lpm_mult") from the following logic: "Mult0" File: D:/Cordic/cordicfsm/hdlsrc/cordicfsm_fixpt.vhd Line: 492
    Info (278002): Inferred adder/subtractor megafunction ("lpm_add_sub") from the following logic: "Add1" File: D:/Cordic/cordicfsm/hdlsrc/cordicfsm_fixpt.vhd Line: 370
    Info (278002): Inferred adder/subtractor megafunction ("lpm_add_sub") from the following logic: "Add4" File: D:/Cordic/cordicfsm/hdlsrc/cordicfsm_fixpt.vhd Line: 400
Info (12130): Elaborated megafunction instantiation "lpm_mult:Mult0" File: D:/Cordic/cordicfsm/hdlsrc/cordicfsm_fixpt.vhd Line: 492
Info (12133): Instantiated megafunction "lpm_mult:Mult0" with the following parameter: File: D:/Cordic/cordicfsm/hdlsrc/cordicfsm_fixpt.vhd Line: 492
    Info (12134): Parameter "LPM_WIDTHA" = "14"
    Info (12134): Parameter "LPM_WIDTHB" = "14"
    Info (12134): Parameter "LPM_WIDTHP" = "28"
    Info (12134): Parameter "LPM_WIDTHR" = "28"
    Info (12134): Parameter "LPM_WIDTHS" = "1"
    Info (12134): Parameter "LPM_REPRESENTATION" = "UNSIGNED"
    Info (12134): Parameter "INPUT_A_IS_CONSTANT" = "NO"
    Info (12134): Parameter "INPUT_B_IS_CONSTANT" = "YES"
    Info (12134): Parameter "MAXIMIZE_SPEED" = "5"
Info (12131): Elaborated megafunction instantiation "lpm_mult:Mult0|multcore:mult_core", which is child of megafunction instantiation "lpm_mult:Mult0" File: d:/sistemdigital/quartus/libraries/megafunctions/lpm_mult.tdf Line: 309
Info (12131): Elaborated megafunction instantiation "lpm_mult:Mult0|multcore:mult_core|mpar_add:padder", which is child of megafunction instantiation "lpm_mult:Mult0" File: d:/sistemdigital/quartus/libraries/megafunctions/multcore.tdf Line: 229
Info (12131): Elaborated megafunction instantiation "lpm_mult:Mult0|multcore:mult_core|mpar_add:padder|lpm_add_sub:adder[1]", which is child of megafunction instantiation "lpm_mult:Mult0" File: d:/sistemdigital/quartus/libraries/megafunctions/mpar_add.tdf Line: 78
Info (12021): Found 1 design units, including 1 entities, in source file db/add_sub_rgh.tdf
    Info (12023): Found entity 1: add_sub_rgh File: D:/Cordic/cordicfsm/hdlsrc/db/add_sub_rgh.tdf Line: 23
Info (12131): Elaborated megafunction instantiation "lpm_mult:Mult0|multcore:mult_core|mpar_add:padder|mpar_add:sub_par_add", which is child of megafunction instantiation "lpm_mult:Mult0" File: d:/sistemdigital/quartus/libraries/megafunctions/mpar_add.tdf Line: 138
Info (12131): Elaborated megafunction instantiation "lpm_mult:Mult0|multcore:mult_core|mpar_add:padder|mpar_add:sub_par_add|lpm_add_sub:adder[0]", which is child of megafunction instantiation "lpm_mult:Mult0" File: d:/sistemdigital/quartus/libraries/megafunctions/mpar_add.tdf Line: 78
Info (12021): Found 1 design units, including 1 entities, in source file db/add_sub_mgh.tdf
    Info (12023): Found entity 1: add_sub_mgh File: D:/Cordic/cordicfsm/hdlsrc/db/add_sub_mgh.tdf Line: 23
Info (12131): Elaborated megafunction instantiation "lpm_mult:Mult0|altshift:external_latency_ffs", which is child of megafunction instantiation "lpm_mult:Mult0" File: d:/sistemdigital/quartus/libraries/megafunctions/lpm_mult.tdf Line: 352
Info (12130): Elaborated megafunction instantiation "lpm_add_sub:Add1" File: D:/Cordic/cordicfsm/hdlsrc/cordicfsm_fixpt.vhd Line: 370
Info (12133): Instantiated megafunction "lpm_add_sub:Add1" with the following parameter: File: D:/Cordic/cordicfsm/hdlsrc/cordicfsm_fixpt.vhd Line: 370
    Info (12134): Parameter "LPM_WIDTH" = "14"
    Info (12134): Parameter "LPM_DIRECTION" = "DEFAULT"
    Info (12134): Parameter "LPM_REPRESENTATION" = "UNSIGNED"
    Info (12134): Parameter "ONE_INPUT_IS_CONSTANT" = "NO"
Info (12021): Found 1 design units, including 1 entities, in source file db/add_sub_pvi.tdf
    Info (12023): Found entity 1: add_sub_pvi File: D:/Cordic/cordicfsm/hdlsrc/db/add_sub_pvi.tdf Line: 23
Info (12130): Elaborated megafunction instantiation "lpm_add_sub:Add4" File: D:/Cordic/cordicfsm/hdlsrc/cordicfsm_fixpt.vhd Line: 400
Info (12133): Instantiated megafunction "lpm_add_sub:Add4" with the following parameter: File: D:/Cordic/cordicfsm/hdlsrc/cordicfsm_fixpt.vhd Line: 400
    Info (12134): Parameter "LPM_WIDTH" = "13"
    Info (12134): Parameter "LPM_DIRECTION" = "DEFAULT"
    Info (12134): Parameter "LPM_REPRESENTATION" = "UNSIGNED"
    Info (12134): Parameter "ONE_INPUT_IS_CONSTANT" = "NO"
Info (12021): Found 1 design units, including 1 entities, in source file db/add_sub_ovi.tdf
    Info (12023): Found entity 1: add_sub_ovi File: D:/Cordic/cordicfsm/hdlsrc/db/add_sub_ovi.tdf Line: 23
Warning (13024): Output pins are stuck at VCC or GND
    Warning (13410): Pin "p_cordic[0]" is stuck at GND File: D:/Cordic/cordicfsm/hdlsrc/cordicfsm_fixpt.vhd Line: 56
    Warning (13410): Pin "y_out[0]" is stuck at GND File: D:/Cordic/cordicfsm/hdlsrc/cordicfsm_fixpt.vhd Line: 58
    Warning (13410): Pin "y_out[1]" is stuck at GND File: D:/Cordic/cordicfsm/hdlsrc/cordicfsm_fixpt.vhd Line: 58
    Warning (13410): Pin "y_out[2]" is stuck at GND File: D:/Cordic/cordicfsm/hdlsrc/cordicfsm_fixpt.vhd Line: 58
    Warning (13410): Pin "y_out[3]" is stuck at GND File: D:/Cordic/cordicfsm/hdlsrc/cordicfsm_fixpt.vhd Line: 58
    Warning (13410): Pin "y_out[4]" is stuck at GND File: D:/Cordic/cordicfsm/hdlsrc/cordicfsm_fixpt.vhd Line: 58
    Warning (13410): Pin "y_out[5]" is stuck at GND File: D:/Cordic/cordicfsm/hdlsrc/cordicfsm_fixpt.vhd Line: 58
    Warning (13410): Pin "y_out[6]" is stuck at GND File: D:/Cordic/cordicfsm/hdlsrc/cordicfsm_fixpt.vhd Line: 58
    Warning (13410): Pin "y_out[7]" is stuck at GND File: D:/Cordic/cordicfsm/hdlsrc/cordicfsm_fixpt.vhd Line: 58
    Warning (13410): Pin "y_out[8]" is stuck at GND File: D:/Cordic/cordicfsm/hdlsrc/cordicfsm_fixpt.vhd Line: 58
    Warning (13410): Pin "y_out[9]" is stuck at GND File: D:/Cordic/cordicfsm/hdlsrc/cordicfsm_fixpt.vhd Line: 58
    Warning (13410): Pin "y_out[10]" is stuck at GND File: D:/Cordic/cordicfsm/hdlsrc/cordicfsm_fixpt.vhd Line: 58
    Warning (13410): Pin "y_out[11]" is stuck at GND File: D:/Cordic/cordicfsm/hdlsrc/cordicfsm_fixpt.vhd Line: 58
    Warning (13410): Pin "y_out[12]" is stuck at GND File: D:/Cordic/cordicfsm/hdlsrc/cordicfsm_fixpt.vhd Line: 58
    Warning (13410): Pin "y_out[13]" is stuck at GND File: D:/Cordic/cordicfsm/hdlsrc/cordicfsm_fixpt.vhd Line: 58
Info (286030): Timing-Driven Synthesis is running
Info (17049): 1 registers lost all their fanouts during netlist optimizations.
Info (16010): Generating hard_block partition "hard_block:auto_generated_inst"
    Info (16011): Adding 0 node(s), including 0 DDIO, 0 PLL, 0 transceiver and 0 LCELL
Info (21057): Implemented 552 device resources after synthesis - the final resource count might be different
    Info (21058): Implemented 22 input pins
    Info (21059): Implemented 58 output pins
    Info (21061): Implemented 472 logic cells
Info: Quartus Prime Analysis & Synthesis was successful. 0 errors, 17 warnings
    Info: Peak virtual memory: 4873 megabytes
    Info: Processing ended: Sun Dec 22 20:43:54 2024
    Info: Elapsed time: 00:00:19
    Info: Total CPU time (on all processors): 00:00:18


